<?xml version="1.0" encoding="UTF-8"?>
<!-- Generated by org.testng.reporters.JUnitReportReporter -->
<testsuite hostname="DESKTOP-QNHJ5Q7" name="aPITesting.GetWeatherDetails" tests="1" failures="0" timestamp="20 Dec 2022 15:30:07 GMT" time="2.320" errors="0">
  <testcase name="getWeatherDetails" time="2.320" classname="aPITesting.GetWeatherDetails"/>
</testsuite> <!-- aPITesting.GetWeatherDetails -->
