<?xml version="1.0" encoding="UTF-8"?>
<!-- Generated by org.testng.reporters.JUnitReportReporter -->
<testsuite hostname="DESKTOP-QNHJ5Q7" name="aPITesting.POST_LISTUSERS_APITest" tests="8" failures="0" timestamp="21 Dec 2022 05:56:37 GMT" time="20.848" errors="0">
  <testcase name="setup" time="4.436" classname="aPITesting.POST_LISTUSERS_APITest"/>
  <testcase name="setup" time="7.397" classname="aPITesting.POST_LISTUSERS_APITest"/>
  <testcase name="setup" time="4.560" classname="aPITesting.POST_LISTUSERS_APITest"/>
  <testcase name="verifyContentType" time="0.002" classname="aPITesting.POST_LISTUSERS_APITest"/>
  <testcase name="verifyHeader" time="0.001" classname="aPITesting.POST_LISTUSERS_APITest"/>
  <testcase name="verifyStatusCode" time="0.000" classname="aPITesting.POST_LISTUSERS_APITest"/>
  <testcase name="verifyStatusLine" time="0.002" classname="aPITesting.POST_LISTUSERS_APITest"/>
  <testcase name="setup" time="4.450" classname="aPITesting.POST_LISTUSERS_APITest"/>
</testsuite> <!-- aPITesting.POST_LISTUSERS_APITest -->
