<?xml version="1.0" encoding="UTF-8"?>
<!-- Generated by org.testng.reporters.JUnitReportReporter -->
<testsuite hostname="DESKTOP-QNHJ5Q7" name="aPITesting.GetUniversityImport" tests="1" failures="0" timestamp="20 Dec 2022 15:29:36 GMT" time="4.222" errors="0">
  <testcase name="setup" time="4.222" classname="aPITesting.GetUniversityImport"/>
</testsuite> <!-- aPITesting.GetUniversityImport -->
