<?xml version="1.0" encoding="UTF-8"?>
<!-- Generated by org.testng.reporters.JUnitReportReporter -->
<testsuite hostname="DESKTOP-QNHJ5Q7" name="aPITesting.JSONtoXML" tests="1" failures="0" timestamp="21 Dec 2022 07:31:47 GMT" time="3.461" errors="0">
  <testcase name="testCase1" time="3.461" classname="aPITesting.JSONtoXML"/>
</testsuite> <!-- aPITesting.JSONtoXML -->
