<?xml version="1.0" encoding="UTF-8"?>
<!-- Generated by org.testng.reporters.JUnitReportReporter -->
<testsuite hostname="DESKTOP-QNHJ5Q7" name="aPITesting.GET_LISTUSERS_APITest" tests="1" failures="0" timestamp="21 Dec 2022 12:42:18 GMT" time="2.500" errors="0">
  <testcase name="verifyListUserTest" time="2.500" classname="aPITesting.GET_LISTUSERS_APITest"/>
</testsuite> <!-- aPITesting.GET_LISTUSERS_APITest -->
