<?xml version="1.0" encoding="UTF-8"?>
<!-- Generated by org.testng.reporters.JUnitReportReporter -->
<testsuite hostname="DESKTOP-QNHJ5Q7" name="aPITesting.POST_GitHub" tests="1" failures="1" timestamp="21 Dec 2022 06:49:17 GMT" time="5.459" errors="0">
  <testcase name="verifyCreateuserTest" time="5.459" classname="aPITesting.POST_GitHub">
    <failure type="java.lang.AssertionError" message="1 expectation failed.
Expected header &quot;X-RateLimit-Used&quot; was not a value greater than &quot;9&quot;, was &quot;10&quot;. Headers are:
Server=GitHub.com
Date=Wed, 21 Dec 2022 06:49:15 GMT
Content-Type=application/json; charset=utf-8
Content-Length=5991
Cache-Control=private, max-age=60, s-maxage=60
Vary=Accept, Authorization, Cookie, X-GitHub-OTP
ETag=&quot;b7b078501791380c891d89cbfd78106d93f226f914700731efd6a0447dcdac5e&quot;
X-OAuth-Scopes=repo
X-Accepted-OAuth-Scopes=public_repo, repo
github-authentication-token-expiration=2023-01-20 06:05:35 UTC
Location=https://api.github.com/repos/AbiVick/IBMlearning_GitRepo_temp1
X-GitHub-Media-Type=github.v3; format=json
x-github-api-version-selected=2022-11-28
X-RateLimit-Limit=5000
X-RateLimit-Remaining=4990
X-RateLimit-Reset=1671606363
X-RateLimit-Used=10
X-RateLimit-Resource=core
Access-Control-Expose-Headers=ETag, Link, Location, Retry-After, X-GitHub-OTP, X-RateLimit-Limit, X-RateLimit-Remaining, X-RateLimit-Used, X-RateLimit-Resource, X-RateLimit-Reset, X-OAuth-Scopes, X-Accepted-OAuth-Scopes, X-Poll-Interval, X-GitHub-Media-Type, X-GitHub-SSO, X-GitHub-Request-Id, Deprecation, Sunset
Access-Control-Allow-Origin=*
Strict-Transport-Security=max-age=31536000; includeSubdomains; preload
X-Frame-Options=deny
X-Content-Type-Options=nosniff
X-XSS-Protection=0
Referrer-Policy=origin-when-cross-origin, strict-origin-when-cross-origin
Content-Security-Policy=default-src &#039;none&#039;
Vary=Accept-Encoding, Accept, X-Requested-With
X-GitHub-Request-Id=ECF2:5FBA:2DD191:3097D9:63A2AC6A
">
      <![CDATA[java.lang.AssertionError: 1 expectation failed.
Expected header "X-RateLimit-Used" was not a value greater than "9", was "10". Headers are:
Server=GitHub.com
Date=Wed, 21 Dec 2022 06:49:15 GMT
Content-Type=application/json; charset=utf-8
Content-Length=5991
Cache-Control=private, max-age=60, s-maxage=60
Vary=Accept, Authorization, Cookie, X-GitHub-OTP
ETag="b7b078501791380c891d89cbfd78106d93f226f914700731efd6a0447dcdac5e"
X-OAuth-Scopes=repo
X-Accepted-OAuth-Scopes=public_repo, repo
github-authentication-token-expiration=2023-01-20 06:05:35 UTC
Location=https://api.github.com/repos/AbiVick/IBMlearning_GitRepo_temp1
X-GitHub-Media-Type=github.v3; format=json
x-github-api-version-selected=2022-11-28
X-RateLimit-Limit=5000
X-RateLimit-Remaining=4990
X-RateLimit-Reset=1671606363
X-RateLimit-Used=10
X-RateLimit-Resource=core
Access-Control-Expose-Headers=ETag, Link, Location, Retry-After, X-GitHub-OTP, X-RateLimit-Limit, X-RateLimit-Remaining, X-RateLimit-Used, X-RateLimit-Resource, X-RateLimit-Reset, X-OAuth-Scopes, X-Accepted-OAuth-Scopes, X-Poll-Interval, X-GitHub-Media-Type, X-GitHub-SSO, X-GitHub-Request-Id, Deprecation, Sunset
Access-Control-Allow-Origin=*
Strict-Transport-Security=max-age=31536000; includeSubdomains; preload
X-Frame-Options=deny
X-Content-Type-Options=nosniff
X-XSS-Protection=0
Referrer-Policy=origin-when-cross-origin, strict-origin-when-cross-origin
Content-Security-Policy=default-src 'none'
Vary=Accept-Encoding, Accept, X-Requested-With
X-GitHub-Request-Id=ECF2:5FBA:2DD191:3097D9:63A2AC6A

	at sun.reflect.NativeConstructorAccessorImpl.newInstance0(Native Method)
	at sun.reflect.NativeConstructorAccessorImpl.newInstance(Unknown Source)
	at sun.reflect.DelegatingConstructorAccessorImpl.newInstance(Unknown Source)
	at java.lang.reflect.Constructor.newInstance(Unknown Source)
	at org.codehaus.groovy.reflection.CachedConstructor.invoke(CachedConstructor.java:73)
	at org.codehaus.groovy.reflection.CachedConstructor.doConstructorInvoke(CachedConstructor.java:60)
	at org.codehaus.groovy.runtime.callsite.ConstructorSite$ConstructorSiteNoUnwrap.callConstructor(ConstructorSite.java:86)
	at org.codehaus.groovy.runtime.callsite.CallSiteArray.defaultCallConstructor(CallSiteArray.java:57)
	at org.codehaus.groovy.runtime.callsite.AbstractCallSite.callConstructor(AbstractCallSite.java:263)
	at org.codehaus.groovy.runtime.callsite.AbstractCallSite.callConstructor(AbstractCallSite.java:277)
	at io.restassured.internal.ResponseSpecificationImpl$HamcrestAssertionClosure.validate(ResponseSpecificationImpl.groovy:512)
	at io.restassured.internal.ResponseSpecificationImpl$HamcrestAssertionClosure$validate$1.call(Unknown Source)
	at io.restassured.internal.ResponseSpecificationImpl.validateResponseIfRequired(ResponseSpecificationImpl.groovy:696)
	at io.restassured.internal.ResponseSpecificationImpl.this$2$validateResponseIfRequired(ResponseSpecificationImpl.groovy)
	at sun.reflect.NativeMethodAccessorImpl.invoke0(Native Method)
	at sun.reflect.NativeMethodAccessorImpl.invoke(Unknown Source)
	at sun.reflect.DelegatingMethodAccessorImpl.invoke(Unknown Source)
	at java.lang.reflect.Method.invoke(Unknown Source)
	at org.codehaus.groovy.runtime.callsite.PlainObjectMetaMethodSite.doInvoke(PlainObjectMetaMethodSite.java:43)
	at org.codehaus.groovy.runtime.callsite.PogoMetaMethodSite$PogoCachedMethodSiteNoUnwrapNoCoerce.invoke(PogoMetaMethodSite.java:198)
	at org.codehaus.groovy.runtime.callsite.PogoMetaMethodSite.callCurrent(PogoMetaMethodSite.java:62)
	at org.codehaus.groovy.runtime.callsite.AbstractCallSite.callCurrent(AbstractCallSite.java:185)
	at io.restassured.internal.ResponseSpecificationImpl.header(ResponseSpecificationImpl.groovy:191)
	at io.restassured.internal.ValidatableResponseOptionsImpl.header(ValidatableResponseOptionsImpl.java:114)
	at aPITesting.POST_GitHub.verifyCreateuserTest(POST_GitHub.java:41)
	at sun.reflect.NativeMethodAccessorImpl.invoke0(Native Method)
	at sun.reflect.NativeMethodAccessorImpl.invoke(Unknown Source)
	at sun.reflect.DelegatingMethodAccessorImpl.invoke(Unknown Source)
	at java.lang.reflect.Method.invoke(Unknown Source)
	at org.testng.internal.MethodInvocationHelper.invokeMethod(MethodInvocationHelper.java:86)
	at org.testng.internal.Invoker.invokeMethod(Invoker.java:645)
	at org.testng.internal.Invoker.invokeTestMethod(Invoker.java:822)
	at org.testng.internal.Invoker.invokeTestMethods(Invoker.java:1130)
	at org.testng.internal.TestMethodWorker.invokeTestMethods(TestMethodWorker.java:129)
	at org.testng.internal.TestMethodWorker.run(TestMethodWorker.java:112)
	at org.testng.TestRunner.privateRun(TestRunner.java:782)
	at org.testng.TestRunner.run(TestRunner.java:632)
	at org.testng.SuiteRunner.runTest(SuiteRunner.java:366)
	at org.testng.SuiteRunner.runSequentially(SuiteRunner.java:361)
	at org.testng.SuiteRunner.privateRun(SuiteRunner.java:319)
	at org.testng.SuiteRunner.run(SuiteRunner.java:268)
	at org.testng.SuiteRunnerWorker.runSuite(SuiteRunnerWorker.java:52)
	at org.testng.SuiteRunnerWorker.run(SuiteRunnerWorker.java:86)
	at org.testng.TestNG.runSuitesSequentially(TestNG.java:1244)
	at org.testng.TestNG.runSuitesLocally(TestNG.java:1169)
	at org.testng.TestNG.run(TestNG.java:1064)
	at org.testng.remote.RemoteTestNG.run(RemoteTestNG.java:113)
	at org.testng.remote.RemoteTestNG.initAndRun(RemoteTestNG.java:206)
	at org.testng.remote.RemoteTestNG.main(RemoteTestNG.java:177)
]]>
    </failure>
  </testcase> <!-- verifyCreateuserTest -->
</testsuite> <!-- aPITesting.POST_GitHub -->
