<?xml version="1.0" encoding="UTF-8"?>
<!-- Generated by org.testng.reporters.JUnitReportReporter -->
<testsuite hostname="DESKTOP-QNHJ5Q7" name="aPITesting.CreateUserImport" tests="1" failures="0" timestamp="20 Dec 2022 15:27:46 GMT" time="7.566" errors="0">
  <testcase name="setup" time="7.566" classname="aPITesting.CreateUserImport"/>
</testsuite> <!-- aPITesting.CreateUserImport -->
