<?xml version="1.0" encoding="UTF-8"?>
<!-- Generated by org.testng.reporters.JUnitReportReporter -->
<testsuite hostname="DESKTOP-QNHJ5Q7" name="aPITesting.GetUniversity" tests="1" failures="0" timestamp="20 Dec 2022 15:29:12 GMT" time="3.358" errors="0">
  <testcase name="verifyUniversityTest" time="3.358" classname="aPITesting.GetUniversity"/>
</testsuite> <!-- aPITesting.GetUniversity -->
