<?xml version="1.0" encoding="UTF-8"?>
<!-- Generated by org.testng.reporters.JUnitReportReporter -->
<testsuite hostname="DESKTOP-QNHJ5Q7" name="aPITesting.GetWeatherDetailsParamater" tests="3" failures="0" timestamp="21 Dec 2022 06:26:47 GMT" time="1.960" errors="0">
  <testcase name="verifyUniversityTest" time="1.723" classname="aPITesting.GetWeatherDetailsParamater"/>
  <testcase name="verifyUniversityTest" time="0.110" classname="aPITesting.GetWeatherDetailsParamater"/>
  <testcase name="verifyUniversityTest" time="0.127" classname="aPITesting.GetWeatherDetailsParamater"/>
</testsuite> <!-- aPITesting.GetWeatherDetailsParamater -->
