<?xml version="1.0" encoding="UTF-8"?>
<!-- Generated by org.testng.reporters.JUnitReportReporter -->
<testsuite hostname="DESKTOP-QNHJ5Q7" name="aPITesting.XMLtoJSON" tests="1" failures="0" timestamp="21 Dec 2022 07:33:18 GMT" time="3.286" errors="0">
  <testcase name="testCase1" time="3.286" classname="aPITesting.XMLtoJSON"/>
</testsuite> <!-- aPITesting.XMLtoJSON -->
