<?xml version="1.0" encoding="UTF-8"?>
<!-- Generated by org.testng.reporters.JUnitReportReporter -->
<testsuite hostname="DESKTOP-QNHJ5Q7" name="aPITesting.DELETE_LISTUSERS_APITest" tests="6" failures="0" timestamp="20 Dec 2022 15:28:29 GMT" time="18.142" errors="0">
  <testcase name="setup" time="6.140" classname="aPITesting.DELETE_LISTUSERS_APITest"/>
  <testcase name="verifyHeader" time="0.003" classname="aPITesting.DELETE_LISTUSERS_APITest"/>
  <testcase name="setup" time="3.969" classname="aPITesting.DELETE_LISTUSERS_APITest"/>
  <testcase name="setup" time="4.018" classname="aPITesting.DELETE_LISTUSERS_APITest"/>
  <testcase name="verifyStatusCode" time="0.000" classname="aPITesting.DELETE_LISTUSERS_APITest"/>
  <testcase name="setup" time="4.012" classname="aPITesting.DELETE_LISTUSERS_APITest"/>
</testsuite> <!-- aPITesting.DELETE_LISTUSERS_APITest -->
