<?xml version="1.0" encoding="UTF-8"?>
<!-- Generated by org.testng.reporters.JUnitReportReporter -->
<testsuite hostname="DESKTOP-QNHJ5Q7" name="aPITesting.PUT_LISTUSERS_APITest" tests="8" failures="0" timestamp="20 Dec 2022 15:31:57 GMT" time="18.653" errors="0">
  <testcase name="setup" time="6.573" classname="aPITesting.PUT_LISTUSERS_APITest"/>
  <testcase name="verifyHeader" time="0.000" classname="aPITesting.PUT_LISTUSERS_APITest"/>
  <testcase name="setup" time="4.032" classname="aPITesting.PUT_LISTUSERS_APITest"/>
  <testcase name="verifyContentType" time="0.001" classname="aPITesting.PUT_LISTUSERS_APITest"/>
  <testcase name="verifyStatusCode" time="0.000" classname="aPITesting.PUT_LISTUSERS_APITest"/>
  <testcase name="setup" time="4.055" classname="aPITesting.PUT_LISTUSERS_APITest"/>
  <testcase name="setup" time="3.991" classname="aPITesting.PUT_LISTUSERS_APITest"/>
  <testcase name="verifyStatusLine" time="0.001" classname="aPITesting.PUT_LISTUSERS_APITest"/>
</testsuite> <!-- aPITesting.PUT_LISTUSERS_APITest -->
