<?xml version="1.0" encoding="UTF-8"?>
<!-- Generated by org.testng.reporters.JUnitReportReporter -->
<testsuite hostname="DESKTOP-QNHJ5Q7" name="aPITesting.GET_GitHub" tests="1" failures="0" timestamp="21 Dec 2022 06:28:42 GMT" time="4.516" errors="0">
  <testcase name="verifyGetuserTest" time="4.516" classname="aPITesting.GET_GitHub"/>
</testsuite> <!-- aPITesting.GET_GitHub -->
