<?xml version="1.0" encoding="UTF-8"?>
<!-- Generated by org.testng.reporters.JUnitReportReporter -->
<testsuite skipped="0" hostname="DESKTOP-QNHJ5Q7" name="aPITesting.GET_LISTUSERS_APITest" tests="1" failures="0" timestamp="2022-12-21T04:49:08 PST" time="2.271" errors="0">
  <testcase name="verifyListUserTest" time="2.271" classname="aPITesting.GET_LISTUSERS_APITest"/>
  <system-out/>
</testsuite> <!-- aPITesting.GET_LISTUSERS_APITest -->
